0 info it worked if it ends with ok
1 verbose cli [ '/usr/bin/nodejs',
1 verbose cli   '/usr/bin/npm',
1 verbose cli   'install',
1 verbose cli   '-g',
1 verbose cli   'angular/cli' ]
2 info using npm@3.5.2
3 info using node@v4.2.6
4 silly loadCurrentTree Starting
5 silly install loadCurrentTree
6 silly install readGlobalPackageData
7 silly fetchPackageMetaData angular/cli
8 silly fetchOtherPackageData angular/cli
9 silly cache add args [ 'angular/cli', null ]
10 verbose cache add spec angular/cli
11 silly cache add parsed spec Result {
11 silly cache add   raw: 'angular/cli',
11 silly cache add   scope: null,
11 silly cache add   name: null,
11 silly cache add   rawSpec: 'angular/cli',
11 silly cache add   spec: 'github:angular/cli',
11 silly cache add   type: 'hosted',
11 silly cache add   hosted:
11 silly cache add    { type: 'github',
11 silly cache add      ssh: 'git@github.com:angular/cli.git',
11 silly cache add      sshUrl: 'git+ssh://git@github.com/angular/cli.git',
11 silly cache add      httpsUrl: 'git+https://github.com/angular/cli.git',
11 silly cache add      gitUrl: 'git://github.com/angular/cli.git',
11 silly cache add      shortcut: 'github:angular/cli',
11 silly cache add      directUrl: 'https://raw.githubusercontent.com/angular/cli/master/package.json' } }
12 verbose addRemoteGit caching angular/cli
13 verbose addRemoteGit angular/cli is a repository hosted by github
14 silly tryGitProto attempting to clone git://github.com/angular/cli.git
15 silly tryClone cloning angular/cli via git://github.com/angular/cli.git
16 verbose tryClone git-github-com-angular-cli-git-abc2a622 not in flight; caching
17 verbose makeDirectory /home/diego/.npm/_git-remotes creation not in flight; initializing
18 silly makeDirectory /home/diego/.npm/_git-remotes uid: 1000 gid: 1000
19 info git [ 'clone',
19 info git   '--template=/home/diego/.npm/_git-remotes/_templates',
19 info git   '--mirror',
19 info git   'git://github.com/angular/cli.git',
19 info git   '/home/diego/.npm/_git-remotes/git-github-com-angular-cli-git-abc2a622' ]
20 verbose git clone --template=/home/diego/.npm/_git-remotes/_templates --mirror git://github.com/angular/cli.git /home/diego/.npm/_git-remotes/git-github-com-angular-cli-git-abc2a622: Cloning into bare repository '/home/diego/.npm/_git-remotes/git-github-com-angular-cli-git-abc2a622'...
20 verbose git clone --template=/home/diego/.npm/_git-remotes/_templates --mirror git://github.com/angular/cli.git /home/diego/.npm/_git-remotes/git-github-com-angular-cli-git-abc2a622: fatal: remote error:
20 verbose git clone --template=/home/diego/.npm/_git-remotes/_templates --mirror git://github.com/angular/cli.git /home/diego/.npm/_git-remotes/git-github-com-angular-cli-git-abc2a622:   Repository not found.
21 silly tryHTTPS attempting to clone git+https://github.com/angular/cli.git
22 silly tryClone cloning angular/cli via git+https://github.com/angular/cli.git
23 verbose tryClone git-https-github-com-angular-cli-git-7e325762 not in flight; caching
24 info git [ 'clone',
24 info git   '--template=/home/diego/.npm/_git-remotes/_templates',
24 info git   '--mirror',
24 info git   'https://github.com/angular/cli.git',
24 info git   '/home/diego/.npm/_git-remotes/git-https-github-com-angular-cli-git-7e325762' ]
25 verbose git clone --template=/home/diego/.npm/_git-remotes/_templates --mirror https://github.com/angular/cli.git /home/diego/.npm/_git-remotes/git-https-github-com-angular-cli-git-7e325762: Cloning into bare repository '/home/diego/.npm/_git-remotes/git-https-github-com-angular-cli-git-7e325762'...
25 verbose git clone --template=/home/diego/.npm/_git-remotes/_templates --mirror https://github.com/angular/cli.git /home/diego/.npm/_git-remotes/git-https-github-com-angular-cli-git-7e325762: remote: Invalid username or password.
25 verbose git clone --template=/home/diego/.npm/_git-remotes/_templates --mirror https://github.com/angular/cli.git /home/diego/.npm/_git-remotes/git-https-github-com-angular-cli-git-7e325762: fatal: Authentication failed for 'https://github.com/angular/cli.git/'
26 silly trySSH attempting to clone git@github.com:angular/cli.git
27 silly tryClone cloning angular/cli via git@github.com:angular/cli.git
28 verbose tryClone git-github-com-angular-cli-git-05516032 not in flight; caching
29 info git [ 'clone',
29 info git   '--template=/home/diego/.npm/_git-remotes/_templates',
29 info git   '--mirror',
29 info git   'git@github.com:angular/cli.git',
29 info git   '/home/diego/.npm/_git-remotes/git-github-com-angular-cli-git-05516032' ]
30 error git clone --template=/home/diego/.npm/_git-remotes/_templates --mirror git@github.com:angular/cli.git /home/diego/.npm/_git-remotes/git-github-com-angular-cli-git-05516032: Cloning into bare repository '/home/diego/.npm/_git-remotes/git-github-com-angular-cli-git-05516032'...
30 error git clone --template=/home/diego/.npm/_git-remotes/_templates --mirror git@github.com:angular/cli.git /home/diego/.npm/_git-remotes/git-github-com-angular-cli-git-05516032: Warning: Permanently added 'github.com,192.30.253.113' (RSA) to the list of known hosts.
30 error git clone --template=/home/diego/.npm/_git-remotes/_templates --mirror git@github.com:angular/cli.git /home/diego/.npm/_git-remotes/git-github-com-angular-cli-git-05516032: ERROR: Repository not found.
30 error git clone --template=/home/diego/.npm/_git-remotes/_templates --mirror git@github.com:angular/cli.git /home/diego/.npm/_git-remotes/git-github-com-angular-cli-git-05516032: fatal: Could not read from remote repository.
30 error git clone --template=/home/diego/.npm/_git-remotes/_templates --mirror git@github.com:angular/cli.git /home/diego/.npm/_git-remotes/git-github-com-angular-cli-git-05516032:
30 error git clone --template=/home/diego/.npm/_git-remotes/_templates --mirror git@github.com:angular/cli.git /home/diego/.npm/_git-remotes/git-github-com-angular-cli-git-05516032: Please make sure you have the correct access rights
30 error git clone --template=/home/diego/.npm/_git-remotes/_templates --mirror git@github.com:angular/cli.git /home/diego/.npm/_git-remotes/git-github-com-angular-cli-git-05516032: and the repository exists.
31 silly fetchPackageMetaData Error: Command failed: git clone --template=/home/diego/.npm/_git-remotes/_templates --mirror git@github.com:angular/cli.git /home/diego/.npm/_git-remotes/git-github-com-angular-cli-git-05516032
31 silly fetchPackageMetaData Cloning into bare repository '/home/diego/.npm/_git-remotes/git-github-com-angular-cli-git-05516032'...
31 silly fetchPackageMetaData Warning: Permanently added 'github.com,192.30.253.113' (RSA) to the list of known hosts.
31 silly fetchPackageMetaData ERROR: Repository not found.
31 silly fetchPackageMetaData fatal: Could not read from remote repository.
31 silly fetchPackageMetaData
31 silly fetchPackageMetaData Please make sure you have the correct access rights
31 silly fetchPackageMetaData and the repository exists.
31 silly fetchPackageMetaData
31 silly fetchPackageMetaData     at ChildProcess.exithandler (child_process.js:213:12)
31 silly fetchPackageMetaData     at emitTwo (events.js:87:13)
31 silly fetchPackageMetaData     at ChildProcess.emit (events.js:172:7)
31 silly fetchPackageMetaData     at maybeClose (internal/child_process.js:821:16)
31 silly fetchPackageMetaData     at Process.ChildProcess._handle.onexit (internal/child_process.js:211:5)
31 silly fetchPackageMetaData  error for angular/cli { [Error: Command failed: git clone --template=/home/diego/.npm/_git-remotes/_templates --mirror git@github.com:angular/cli.git /home/diego/.npm/_git-remotes/git-github-com-angular-cli-git-05516032
31 silly fetchPackageMetaData Cloning into bare repository '/home/diego/.npm/_git-remotes/git-github-com-angular-cli-git-05516032'...
31 silly fetchPackageMetaData Warning: Permanently added 'github.com,192.30.253.113' (RSA) to the list of known hosts.
31 silly fetchPackageMetaData ERROR: Repository not found.
31 silly fetchPackageMetaData fatal: Could not read from remote repository.
31 silly fetchPackageMetaData
31 silly fetchPackageMetaData Please make sure you have the correct access rights
31 silly fetchPackageMetaData and the repository exists.
31 silly fetchPackageMetaData ]
31 silly fetchPackageMetaData   killed: false,
31 silly fetchPackageMetaData   code: 128,
31 silly fetchPackageMetaData   signal: null,
31 silly fetchPackageMetaData   cmd: 'git clone --template=/home/diego/.npm/_git-remotes/_templates --mirror git@github.com:angular/cli.git /home/diego/.npm/_git-remotes/git-github-com-angular-cli-git-05516032' }
32 silly rollbackFailedOptional Starting
33 silly rollbackFailedOptional Finishing
34 silly runTopLevelLifecycles Starting
35 silly runTopLevelLifecycles Finishing
36 silly install printInstalled
37 verbose stack Error: Command failed: git clone --template=/home/diego/.npm/_git-remotes/_templates --mirror git@github.com:angular/cli.git /home/diego/.npm/_git-remotes/git-github-com-angular-cli-git-05516032
37 verbose stack Cloning into bare repository '/home/diego/.npm/_git-remotes/git-github-com-angular-cli-git-05516032'...
37 verbose stack Warning: Permanently added 'github.com,192.30.253.113' (RSA) to the list of known hosts.
37 verbose stack ERROR: Repository not found.
37 verbose stack fatal: Could not read from remote repository.
37 verbose stack
37 verbose stack Please make sure you have the correct access rights
37 verbose stack and the repository exists.
37 verbose stack
37 verbose stack     at ChildProcess.exithandler (child_process.js:213:12)
37 verbose stack     at emitTwo (events.js:87:13)
37 verbose stack     at ChildProcess.emit (events.js:172:7)
37 verbose stack     at maybeClose (internal/child_process.js:821:16)
37 verbose stack     at Process.ChildProcess._handle.onexit (internal/child_process.js:211:5)
38 verbose cwd /home/diego/Development/cuadro-presencias/frontend
39 error Linux 4.4.0-119-generic
40 error argv "/usr/bin/nodejs" "/usr/bin/npm" "install" "-g" "angular/cli"
41 error node v4.2.6
42 error npm  v3.5.2
43 error code 128
44 error Command failed: git clone --template=/home/diego/.npm/_git-remotes/_templates --mirror git@github.com:angular/cli.git /home/diego/.npm/_git-remotes/git-github-com-angular-cli-git-05516032
44 error Cloning into bare repository '/home/diego/.npm/_git-remotes/git-github-com-angular-cli-git-05516032'...
44 error Warning: Permanently added 'github.com,192.30.253.113' (RSA) to the list of known hosts.
44 error ERROR: Repository not found.
44 error fatal: Could not read from remote repository.
44 error
44 error Please make sure you have the correct access rights
44 error and the repository exists.
45 error If you need help, you may report this error at:
45 error     <https://github.com/npm/npm/issues>
46 verbose exit [ 1, true ]
